[debug] [2023-02-06T06:14:12.369Z] ----------------------------------------------------------------------
[debug] [2023-02-06T06:14:12.376Z] Command:       C:\Program Files\nodejs\node.exe C:\Users\ELCOT\AppData\Roaming\npm\node_modules\firebase-tools\lib\bin\firebase.js init hosting
[debug] [2023-02-06T06:14:12.377Z] CLI Version:   11.22.0
[debug] [2023-02-06T06:14:12.378Z] Platform:      win32
[debug] [2023-02-06T06:14:12.378Z] Node Version:  v18.12.1
[debug] [2023-02-06T06:14:12.380Z] Time:          Mon Feb 06 2023 11:44:12 GMT+0530 (India Standard Time)
[debug] [2023-02-06T06:14:12.381Z] ----------------------------------------------------------------------
[debug] 
[debug] [2023-02-06T06:14:12.407Z] > command requires scopes: ["email","openid","https://www.googleapis.com/auth/cloudplatformprojects.readonly","https://www.googleapis.com/auth/firebase","https://www.googleapis.com/auth/cloud-platform"]
[debug] [2023-02-06T06:14:12.411Z] > authorizing via signed-in user (naveenas20022003@gmail.com)
[info] 
     ######## #### ########  ######## ########     ###     ######  ########
     ##        ##  ##     ## ##       ##     ##  ##   ##  ##       ##
     ######    ##  ########  ######   ########  #########  ######  ######
     ##        ##  ##    ##  ##       ##     ## ##     ##       ## ##
     ##       #### ##     ## ######## ########  ##     ##  ######  ########

You're about to initialize a Firebase project in this directory:

  C:\Users\ELCOT\Desktop\RJS\disney1

[info] 
=== Project Setup
[info] 
[info] First, let's associate this project directory with a Firebase project.
[info] You can create multiple project aliases by running firebase use --add, 
[info] but for now we'll just set up a default project.
[info] 
[debug] [2023-02-06T06:15:05.514Z] >>> [apiv2][query] GET https://firebase.googleapis.com/v1beta1/projects pageSize=100
[debug] [2023-02-06T06:15:06.737Z] <<< [apiv2][status] GET https://firebase.googleapis.com/v1beta1/projects 200
[debug] [2023-02-06T06:15:06.737Z] <<< [apiv2][body] GET https://firebase.googleapis.com/v1beta1/projects [omitted]
[info] i  Using project clone-31e8f (amazon-clone) 
[info] 
=== Hosting Setup
[info] 
[info] Your public directory is the folder (relative to your project directory) that
[info] will contain Hosting assets to be uploaded with firebase deploy. If you
[info] have a build process for your assets, use your build's output directory.
[info] 
